<?xml version="1.0" encoding="UTF-8"?>
<!-- Generated by org.testng.reporters.JUnitReportReporter -->
<testsuite hostname="LAPTOP-49NH7S8J" failures="0" tests="1" name="pom.Interview" time="7.324" errors="0" timestamp="2024-04-15T16:54:43 IST" skipped="0">
  <testcase classname="pom.Interview" name="EndToEnd" time="7.324"/>
  <system-out/>
</testsuite> <!-- pom.Interview -->
