<?xml version="1.0" encoding="UTF-8"?>
<!-- Generated by org.testng.reporters.JUnitReportReporter -->
<testsuite hostname="LAPTOP-49NH7S8J" failures="0" tests="4" name="runners.TestRunner" time="29.760" errors="0" timestamp="2024-04-15T16:50:49 IST" skipped="0">
  <testcase classname="runners.TestRunner" name="runScenario" time="7.589"/>
  <system-out/>
  <testcase classname="runners.TestRunner" name="runScenario" time="8.610"/>
  <system-out/>
  <testcase classname="runners.TestRunner" name="runScenario" time="6.783"/>
  <system-out/>
  <testcase classname="runners.TestRunner" name="runScenario" time="6.778"/>
  <system-out/>
</testsuite> <!-- runners.TestRunner -->
